<?xml version="1.0" encoding="UTF-8" ?>
<testsuites id="2026-06-11" name="report_5" tests="3" failures="0" skipped="0" flaky="0" time="0.000">
	<testsuite id="0" name="test_weapon_data" package="tests/unit/survivors" timestamp="2026-06-10T16:35:58" hostname="localhost" tests="3" failures="0" errors="0" skipped="0" flaky="0" time="0.054">
		<testcase name="test_defaults" classname="test_weapon_data" time="0.007">
		</testcase>
		<testcase name="test_rarity_colors" classname="test_weapon_data" time="0.009">
		</testcase>
		<testcase name="test_type_values" classname="test_weapon_data" time="0.007">
		</testcase>
	</testsuite>
</testsuites>
