<?xml version="1.0" encoding="UTF-8" ?>
<testsuites id="2026-06-11" name="report_8" tests="53" failures="0" skipped="0" flaky="0" time="0.000">
	<testsuite id="0" name="test_equipment_data" package="tests/unit/survivors" timestamp="2026-06-10T17:03:38" hostname="localhost" tests="11" failures="0" errors="0" skipped="0" flaky="0" time="0.201">
		<testcase name="test_initial_empty" classname="test_equipment_data" time="0.008">
		</testcase>
		<testcase name="test_equip" classname="test_equipment_data" time="0.008">
		</testcase>
		<testcase name="test_equip_returns_previous" classname="test_equipment_data" time="0.008">
		</testcase>
		<testcase name="test_equip_different_slot" classname="test_equipment_data" time="0.007">
		</testcase>
		<testcase name="test_equip_no_slot" classname="test_equipment_data" time="0.008">
		</testcase>
		<testcase name="test_unequip" classname="test_equipment_data" time="0.008">
		</testcase>
		<testcase name="test_unequip_empty" classname="test_equipment_data" time="0.007">
		</testcase>
		<testcase name="test_total_bonuses" classname="test_equipment_data" time="0.008">
		</testcase>
		<testcase name="test_signal_equipped" classname="test_equipment_data" time="0.007">
		</testcase>
		<testcase name="test_signal_unequipped_on_replace" classname="test_equipment_data" time="0.008">
		</testcase>
		<testcase name="test_signal_stats_changed" classname="test_equipment_data" time="0.008">
		</testcase>
	</testsuite>
	<testsuite id="1" name="test_inventory_data" package="tests/unit/survivors" timestamp="2026-06-10T17:03:39" hostname="localhost" tests="12" failures="0" errors="0" skipped="0" flaky="0" time="0.272">
		<testcase name="test_initial_empty" classname="test_inventory_data" time="0.008">
		</testcase>
		<testcase name="test_add_item" classname="test_inventory_data" time="0.008">
		</testcase>
		<testcase name="test_add_item_order" classname="test_inventory_data" time="0.010">
		</testcase>
		<testcase name="test_add_item_full" classname="test_inventory_data" time="0.016">
		</testcase>
		<testcase name="test_remove_item" classname="test_inventory_data" time="0.008">
		</testcase>
		<testcase name="test_remove_item_out_of_range" classname="test_inventory_data" time="0.009">
		</testcase>
		<testcase name="test_swap_items" classname="test_inventory_data" time="0.009">
		</testcase>
		<testcase name="test_move_item" classname="test_inventory_data" time="0.011">
		</testcase>
		<testcase name="test_move_item_swap" classname="test_inventory_data" time="0.009">
		</testcase>
		<testcase name="test_signal_on_add" classname="test_inventory_data" time="0.009">
		</testcase>
		<testcase name="test_signal_item_added" classname="test_inventory_data" time="0.007">
		</testcase>
		<testcase name="test_slot_count_resize" classname="test_inventory_data" time="0.019">
		</testcase>
	</testsuite>
	<testsuite id="2" name="test_survivors_enemy_stats" package="tests/unit/survivors" timestamp="2026-06-10T17:03:39" hostname="localhost" tests="7" failures="0" errors="0" skipped="0" flaky="0" time="0.156">
		<testcase name="test_defaults" classname="test_survivors_enemy_stats" time="0.008">
		</testcase>
		<testcase name="test_take_damage" classname="test_survivors_enemy_stats" time="0.009">
		</testcase>
		<testcase name="test_take_damage_clamps" classname="test_survivors_enemy_stats" time="0.010">
		</testcase>
		<testcase name="test_is_alive" classname="test_survivors_enemy_stats" time="0.009">
		</testcase>
		<testcase name="test_is_dead" classname="test_survivors_enemy_stats" time="0.008">
		</testcase>
		<testcase name="test_health_signal" classname="test_survivors_enemy_stats" time="0.010">
		</testcase>
		<testcase name="test_name_signal" classname="test_survivors_enemy_stats" time="0.013">
		</testcase>
	</testsuite>
	<testsuite id="3" name="test_survivors_main" package="tests/unit/survivors" timestamp="2026-06-10T17:03:39" hostname="localhost" tests="4" failures="0" errors="0" skipped="0" flaky="0" time="0.144">
		<testcase name="test_item_defaults" classname="test_survivors_main" time="0.014">
		</testcase>
		<testcase name="test_item_rarity_colors" classname="test_survivors_main" time="0.009">
		</testcase>
		<testcase name="test_item_type_values" classname="test_survivors_main" time="0.008">
		</testcase>
		<testcase name="test_item_stat_bonuses" classname="test_survivors_main" time="0.021">
		</testcase>
	</testsuite>
	<testsuite id="4" name="test_survivors_player_stats" package="tests/unit/survivors" timestamp="2026-06-10T17:03:39" hostname="localhost" tests="16" failures="0" errors="0" skipped="0" flaky="0" time="0.408">
		<testcase name="test_defaults" classname="test_survivors_player_stats" time="0.010">
		</testcase>
		<testcase name="test_take_damage" classname="test_survivors_player_stats" time="0.009">
		</testcase>
		<testcase name="test_take_damage_clamps" classname="test_survivors_player_stats" time="0.024">
		</testcase>
		<testcase name="test_heal" classname="test_survivors_player_stats" time="0.008">
		</testcase>
		<testcase name="test_heal_clamps" classname="test_survivors_player_stats" time="0.009">
		</testcase>
		<testcase name="test_health_signal" classname="test_survivors_player_stats" time="0.010">
		</testcase>
		<testcase name="test_use_mana" classname="test_survivors_player_stats" time="0.008">
		</testcase>
		<testcase name="test_use_mana_insufficient" classname="test_survivors_player_stats" time="0.008">
		</testcase>
		<testcase name="test_xp_level_up" classname="test_survivors_player_stats" time="0.009">
		</testcase>
		<testcase name="test_xp_remainder" classname="test_survivors_player_stats" time="0.021">
		</testcase>
		<testcase name="test_gold_clamp" classname="test_survivors_player_stats" time="0.010">
		</testcase>
		<testcase name="test_gold_signal" classname="test_survivors_player_stats" time="0.013">
		</testcase>
		<testcase name="test_add_weapon" classname="test_survivors_player_stats" time="0.009">
		</testcase>
		<testcase name="test_add_weapon_full" classname="test_survivors_player_stats" time="0.010">
		</testcase>
		<testcase name="test_remove_weapon" classname="test_survivors_player_stats" time="0.010">
		</testcase>
		<testcase name="test_weapons_changed_signal" classname="test_survivors_player_stats" time="0.010">
		</testcase>
	</testsuite>
	<testsuite id="5" name="test_weapon_data" package="tests/unit/survivors" timestamp="2026-06-10T17:03:40" hostname="localhost" tests="3" failures="0" errors="0" skipped="0" flaky="0" time="0.088">
		<testcase name="test_defaults" classname="test_weapon_data" time="0.009">
		</testcase>
		<testcase name="test_rarity_colors" classname="test_weapon_data" time="0.009">
		</testcase>
		<testcase name="test_type_values" classname="test_weapon_data" time="0.011">
		</testcase>
	</testsuite>
</testsuites>
