<?xml version="1.0" encoding="UTF-8" ?>
<testsuites id="2026-06-10" name="report_3" tests="53" failures="0" skipped="0" flaky="0" time="0.000">
	<testsuite id="0" name="test_arpg_dialog_data" package="tests/unit/arpg" timestamp="2026-06-10T15:46:11" hostname="localhost" tests="7" failures="0" errors="0" skipped="0" flaky="0" time="0.043">
		<testcase name="test_create" classname="test_arpg_dialog_data" time="0.002">
		</testcase>
		<testcase name="test_add_line_chain" classname="test_arpg_dialog_data" time="0.003">
		</testcase>
		<testcase name="test_add_choice" classname="test_arpg_dialog_data" time="0.003">
		</testcase>
		<testcase name="test_default_name" classname="test_arpg_dialog_data" time="0.006">
		</testcase>
		<testcase name="test_default_portrait" classname="test_arpg_dialog_data" time="0.006">
		</testcase>
		<testcase name="test_mixed" classname="test_arpg_dialog_data" time="0.007">
		</testcase>
		<testcase name="test_empty" classname="test_arpg_dialog_data" time="0.005">
		</testcase>
	</testsuite>
	<testsuite id="1" name="test_arpg_enemy_stats" package="tests/unit/arpg" timestamp="2026-06-10T15:46:11" hostname="localhost" tests="7" failures="0" errors="0" skipped="0" flaky="0" time="0.048">
		<testcase name="test_defaults" classname="test_arpg_enemy_stats" time="0.003">
		</testcase>
		<testcase name="test_take_damage" classname="test_arpg_enemy_stats" time="0.005">
		</testcase>
		<testcase name="test_take_damage_clamps" classname="test_arpg_enemy_stats" time="0.006">
		</testcase>
		<testcase name="test_is_alive" classname="test_arpg_enemy_stats" time="0.006">
		</testcase>
		<testcase name="test_is_dead" classname="test_arpg_enemy_stats" time="0.005">
		</testcase>
		<testcase name="test_health_signal" classname="test_arpg_enemy_stats" time="0.005">
		</testcase>
		<testcase name="test_name_signal" classname="test_arpg_enemy_stats" time="0.006">
		</testcase>
	</testsuite>
	<testsuite id="2" name="test_arpg_equipment_data" package="tests/unit/arpg" timestamp="2026-06-10T15:46:11" hostname="localhost" tests="11" failures="0" errors="0" skipped="0" flaky="0" time="0.076">
		<testcase name="test_initial_empty" classname="test_arpg_equipment_data" time="0.002">
		</testcase>
		<testcase name="test_equip" classname="test_arpg_equipment_data" time="0.004">
		</testcase>
		<testcase name="test_equip_returns_previous" classname="test_arpg_equipment_data" time="0.007">
		</testcase>
		<testcase name="test_equip_different_slot" classname="test_arpg_equipment_data" time="0.006">
		</testcase>
		<testcase name="test_equip_no_slot" classname="test_arpg_equipment_data" time="0.005">
		</testcase>
		<testcase name="test_unequip" classname="test_arpg_equipment_data" time="0.007">
		</testcase>
		<testcase name="test_unequip_empty" classname="test_arpg_equipment_data" time="0.005">
		</testcase>
		<testcase name="test_total_bonuses" classname="test_arpg_equipment_data" time="0.007">
		</testcase>
		<testcase name="test_signal_equipped" classname="test_arpg_equipment_data" time="0.007">
		</testcase>
		<testcase name="test_signal_unequipped_on_replace" classname="test_arpg_equipment_data" time="0.006">
		</testcase>
		<testcase name="test_signal_stats_changed" classname="test_arpg_equipment_data" time="0.006">
		</testcase>
	</testsuite>
	<testsuite id="3" name="test_arpg_inventory_data" package="tests/unit/arpg" timestamp="2026-06-10T15:46:11" hostname="localhost" tests="12" failures="0" errors="0" skipped="0" flaky="0" time="0.084">
		<testcase name="test_initial_empty" classname="test_arpg_inventory_data" time="0.002">
		</testcase>
		<testcase name="test_add_item" classname="test_arpg_inventory_data" time="0.003">
		</testcase>
		<testcase name="test_add_item_order" classname="test_arpg_inventory_data" time="0.006">
		</testcase>
		<testcase name="test_add_item_full" classname="test_arpg_inventory_data" time="0.006">
		</testcase>
		<testcase name="test_remove_item" classname="test_arpg_inventory_data" time="0.006">
		</testcase>
		<testcase name="test_remove_item_out_of_range" classname="test_arpg_inventory_data" time="0.005">
		</testcase>
		<testcase name="test_swap_items" classname="test_arpg_inventory_data" time="0.005">
		</testcase>
		<testcase name="test_move_item" classname="test_arpg_inventory_data" time="0.006">
		</testcase>
		<testcase name="test_move_item_swap" classname="test_arpg_inventory_data" time="0.006">
		</testcase>
		<testcase name="test_signal_on_add" classname="test_arpg_inventory_data" time="0.005">
		</testcase>
		<testcase name="test_signal_item_added" classname="test_arpg_inventory_data" time="0.006">
		</testcase>
		<testcase name="test_slot_count_resize" classname="test_arpg_inventory_data" time="0.005">
		</testcase>
	</testsuite>
	<testsuite id="4" name="test_arpg_item_data" package="tests/unit/arpg" timestamp="2026-06-10T15:46:11" hostname="localhost" tests="4" failures="0" errors="0" skipped="0" flaky="0" time="0.029">
		<testcase name="test_defaults" classname="test_arpg_item_data" time="0.003">
		</testcase>
		<testcase name="test_rarity_colors" classname="test_arpg_item_data" time="0.005">
		</testcase>
		<testcase name="test_enum_values" classname="test_arpg_item_data" time="0.005">
		</testcase>
		<testcase name="test_set_properties" classname="test_arpg_item_data" time="0.005">
		</testcase>
	</testsuite>
	<testsuite id="5" name="test_arpg_player_stats" package="tests/unit/arpg" timestamp="2026-06-10T15:46:11" hostname="localhost" tests="12" failures="0" errors="0" skipped="0" flaky="0" time="0.084">
		<testcase name="test_defaults" classname="test_arpg_player_stats" time="0.002">
		</testcase>
		<testcase name="test_take_damage" classname="test_arpg_player_stats" time="0.004">
		</testcase>
		<testcase name="test_take_damage_clamps" classname="test_arpg_player_stats" time="0.006">
		</testcase>
		<testcase name="test_heal" classname="test_arpg_player_stats" time="0.006">
		</testcase>
		<testcase name="test_heal_clamps" classname="test_arpg_player_stats" time="0.006">
		</testcase>
		<testcase name="test_health_signal" classname="test_arpg_player_stats" time="0.005">
		</testcase>
		<testcase name="test_use_mana" classname="test_arpg_player_stats" time="0.006">
		</testcase>
		<testcase name="test_use_mana_insufficient" classname="test_arpg_player_stats" time="0.007">
		</testcase>
		<testcase name="test_xp_level_up" classname="test_arpg_player_stats" time="0.005">
		</testcase>
		<testcase name="test_xp_remainder" classname="test_arpg_player_stats" time="0.005">
		</testcase>
		<testcase name="test_gold_clamp" classname="test_arpg_player_stats" time="0.005">
		</testcase>
		<testcase name="test_gold_signal" classname="test_arpg_player_stats" time="0.006">
		</testcase>
	</testsuite>
</testsuites>
